  Agame.cpp
<<<<<<< HEAD
D:\problemSolvingSkill\week6_mid\Node.cpp(5,16): error C2011: 'MapCoord': 'class' 형식 재정의
D:\problemSolvingSkill\week6_mid\Node.cpp(5,7): message : 'MapCoord' 선언을 참조하십시오.
D:\problemSolvingSkill\week6_mid\BFS.cpp(9,41): error C2027: 정의되지 않은 형식 'MapCoord'을(를) 사용했습니다.
D:\problemSolvingSkill\week6_mid\Node.cpp(5,7): message : 'MapCoord' 선언을 참조하십시오.
D:\problemSolvingSkill\week6_mid\BFS.cpp(9,58): error C2027: 정의되지 않은 형식 'MapCoord'을(를) 사용했습니다.
D:\problemSolvingSkill\week6_mid\Node.cpp(5,7): message : 'MapCoord' 선언을 참조하십시오.
D:\problemSolvingSkill\week6_mid\BFS.cpp(9,74): error C2027: 정의되지 않은 형식 'MapCoord'을(를) 사용했습니다.
D:\problemSolvingSkill\week6_mid\Node.cpp(5,7): message : 'MapCoord' 선언을 참조하십시오.
D:\problemSolvingSkill\week6_mid\BFS.cpp(9,91): error C2027: 정의되지 않은 형식 'MapCoord'을(를) 사용했습니다.
D:\problemSolvingSkill\week6_mid\Node.cpp(5,7): message : 'MapCoord' 선언을 참조하십시오.
D:\problemSolvingSkill\week6_mid\BFS.cpp(11,89): error C2027: 정의되지 않은 형식 'MapCoord'을(를) 사용했습니다.
D:\problemSolvingSkill\week6_mid\Node.cpp(5,7): message : 'MapCoord' 선언을 참조하십시오.
D:\problemSolvingSkill\week6_mid\BFS.cpp(11,99): error C2065: 'NodeStatus': 선언되지 않은 식별자입니다.
D:\problemSolvingSkill\week6_mid\BFS.cpp(11,72): error C2923: 'std::vector': 'NodeStatus'은(는) '_Ty' 매개 변수에 대한 올바른 템플릿 형식 인수가 아닙니다.
D:\problemSolvingSkill\week6_mid\BFS.cpp(11,99): message : 'NodeStatus' 선언을 참조하십시오.
D:\problemSolvingSkill\week6_mid\BFS.cpp(11,72): error C2976: 'std::vector': 템플릿 인수가 너무 적습니다.
C:\Program Files\Microsoft Visual Studio\2022\Community\VC\Tools\MSVC\14.35.32215\include\vector(494,1): message : 'std::vector' 선언을 참조하십시오.
D:\problemSolvingSkill\week6_mid\BFS.cpp(11,72): error C3203: 'vector': 특수화되지 않은 클래스 템플릿은(는) 템플릿 매개 변수 '_Ty'에 대한 템플릿 인수로 사용할 수 없습니다. 실제 형식이 필요합니다.
D:\problemSolvingSkill\week6_mid\BFS.cpp(12,71): error C2109: 첨자는 배열 또는 포인터 형식을 사용해야 합니다.
D:\problemSolvingSkill\week6_mid\BFS.cpp(12,86): error C2027: 정의되지 않은 형식 'MapCoord'을(를) 사용했습니다.
D:\problemSolvingSkill\week6_mid\Node.cpp(5,7): message : 'MapCoord' 선언을 참조하십시오.
D:\problemSolvingSkill\week6_mid\BFS.cpp(12,98): error C2065: 'EMPTY': 선언되지 않은 식별자입니다.
D:\problemSolvingSkill\week6_mid\BFS.cpp(48,6): error C2027: 정의되지 않은 형식 'MapCoord'을(를) 사용했습니다.
D:\problemSolvingSkill\week6_mid\Node.cpp(5,7): message : 'MapCoord' 선언을 참조하십시오.
D:\problemSolvingSkill\week6_mid\BFS.cpp(52,26): error C2027: 정의되지 않은 형식 'MapCoord'을(를) 사용했습니다.
D:\problemSolvingSkill\week6_mid\Node.cpp(5,7): message : 'MapCoord' 선언을 참조하십시오.
D:\problemSolvingSkill\week6_mid\BFS.cpp(52,36): error C2065: 'NodeStatus': 선언되지 않은 식별자입니다.
D:\problemSolvingSkill\week6_mid\BFS.cpp(52,9): error C2923: 'std::vector': 'NodeStatus'은(는) '_Ty' 매개 변수에 대한 올바른 템플릿 형식 인수가 아닙니다.
D:\problemSolvingSkill\week6_mid\BFS.cpp(52,36): message : 'NodeStatus' 선언을 참조하십시오.
D:\problemSolvingSkill\week6_mid\BFS.cpp(52,9): error C2976: 'std::vector': 템플릿 인수가 너무 적습니다.
C:\Program Files\Microsoft Visual Studio\2022\Community\VC\Tools\MSVC\14.35.32215\include\vector(494,1): message : 'std::vector' 선언을 참조하십시오.
D:\problemSolvingSkill\week6_mid\BFS.cpp(52,9): error C3203: 'vector': 특수화되지 않은 클래스 템플릿은(는) 템플릿 매개 변수 '_Ty'에 대한 템플릿 인수로 사용할 수 없습니다. 실제 형식이 필요합니다.
D:\problemSolvingSkill\week6_mid\BFS.cpp(53,38): error C2027: 정의되지 않은 형식 'MapCoord'을(를) 사용했습니다.
D:\problemSolvingSkill\week6_mid\Node.cpp(5,7): message : 'MapCoord' 선언을 참조하십시오.
D:\problemSolvingSkill\week6_mid\BFS.cpp(53,48): error C2065: 'NodeStatus': 선언되지 않은 식별자입니다.
D:\problemSolvingSkill\week6_mid\BFS.cpp(53,21): error C2923: 'std::vector': 'NodeStatus'은(는) '_Ty' 매개 변수에 대한 올바른 템플릿 형식 인수가 아닙니다.
D:\problemSolvingSkill\week6_mid\BFS.cpp(53,48): message : 'NodeStatus' 선언을 참조하십시오.
D:\problemSolvingSkill\week6_mid\BFS.cpp(53,21): error C2976: 'std::vector': 템플릿 인수가 너무 적습니다.
C:\Program Files\Microsoft Visual Studio\2022\Community\VC\Tools\MSVC\14.35.32215\include\vector(494,1): message : 'std::vector' 선언을 참조하십시오.
D:\problemSolvingSkill\week6_mid\BFS.cpp(53,21): error C2955: 'std::vector': 클래스 템플릿을(를) 사용하려면 템플릿 인수 목록이 필요합니다.
C:\Program Files\Microsoft Visual Studio\2022\Community\VC\Tools\MSVC\14.35.32215\include\vector(494,1): message : 'std::vector' 선언을 참조하십시오.
D:\problemSolvingSkill\week6_mid\BFS.cpp(53,73): error C2027: 정의되지 않은 형식 'MapCoord'을(를) 사용했습니다.
D:\problemSolvingSkill\week6_mid\Node.cpp(5,7): message : 'MapCoord' 선언을 참조하십시오.
D:\problemSolvingSkill\week6_mid\BFS.cpp(53,85): error C2065: 'EMPTY': 선언되지 않은 식별자입니다.
D:\problemSolvingSkill\week6_mid\BFS.cpp(60,15): error C2027: 정의되지 않은 형식 'MapCoord'을(를) 사용했습니다.
D:\problemSolvingSkill\week6_mid\Node.cpp(5,7): message : 'MapCoord' 선언을 참조하십시오.
D:\problemSolvingSkill\week6_mid\BFS.cpp(60,29): error C2027: 정의되지 않은 형식 'MapCoord'을(를) 사용했습니다.
D:\problemSolvingSkill\week6_mid\Node.cpp(5,7): message : 'MapCoord' 선언을 참조하십시오.
D:\problemSolvingSkill\week6_mid\BFS.cpp(63,12): error C2079: 'currentNode'은(는) 정의되지 않은 class 'MapCoord'을(를) 사용합니다.
D:\problemSolvingSkill\week6_mid\BFS.cpp(63,24): error C2027: 정의되지 않은 형식 'MapCoord'을(를) 사용했습니다.
D:\problemSolvingSkill\week6_mid\Node.cpp(5,7): message : 'MapCoord' 선언을 참조하십시오.
D:\problemSolvingSkill\week6_mid\BFS.cpp(65): error C2027: 정의되지 않은 형식 'MapCoord'을(를) 사용했습니다.
D:\problemSolvingSkill\week6_mid\Node.cpp(5,7): message : 'MapCoord' 선언을 참조하십시오.
D:\problemSolvingSkill\week6_mid\BFS.cpp(70,45): error C2027: 정의되지 않은 형식 'MapCoord'을(를) 사용했습니다.
D:\problemSolvingSkill\week6_mid\Node.cpp(5,7): message : 'MapCoord' 선언을 참조하십시오.
D:\problemSolvingSkill\week6_mid\BFS.cpp(71,45): error C2027: 정의되지 않은 형식 'MapCoord'을(를) 사용했습니다.
D:\problemSolvingSkill\week6_mid\Node.cpp(5,7): message : 'MapCoord' 선언을 참조하십시오.
D:\problemSolvingSkill\week6_mid\BFS.cpp(74,20): error C2027: 정의되지 않은 형식 'MapCoord'을(를) 사용했습니다.
D:\problemSolvingSkill\week6_mid\Node.cpp(5,7): message : 'MapCoord' 선언을 참조하십시오.
D:\problemSolvingSkill\week6_mid\Agame.cpp(62,88): error C2027: 정의되지 않은 형식 'MapCoord'을(를) 사용했습니다.
D:\problemSolvingSkill\week6_mid\Node.cpp(5,7): message : 'MapCoord' 선언을 참조하십시오.
D:\problemSolvingSkill\week6_mid\Agame.cpp(62,100): error C2065: 'EMPTY': 선언되지 않은 식별자입니다.
D:\problemSolvingSkill\week6_mid\Agame.cpp(72,45): error C2027: 정의되지 않은 형식 'MapCoord'을(를) 사용했습니다.
D:\problemSolvingSkill\week6_mid\Node.cpp(5,7): message : 'MapCoord' 선언을 참조하십시오.
D:\problemSolvingSkill\week6_mid\Agame.cpp(72,57): error C2065: 'Wall': 선언되지 않은 식별자입니다.
D:\problemSolvingSkill\week6_mid\Agame.cpp(73,18): error C2027: 정의되지 않은 형식 'MapCoord'을(를) 사용했습니다.
D:\problemSolvingSkill\week6_mid\Node.cpp(5,7): message : 'MapCoord' 선언을 참조하십시오.
D:\problemSolvingSkill\week6_mid\Agame.cpp(73,49): error C2027: 정의되지 않은 형식 'MapCoord'을(를) 사용했습니다.
D:\problemSolvingSkill\week6_mid\Node.cpp(5,7): message : 'MapCoord' 선언을 참조하십시오.
D:\problemSolvingSkill\week6_mid\Agame.cpp(81,46): error C2027: 정의되지 않은 형식 'MapCoord'을(를) 사용했습니다.
D:\problemSolvingSkill\week6_mid\Node.cpp(5,7): message : 'MapCoord' 선언을 참조하십시오.
D:\problemSolvingSkill\week6_mid\Agame.cpp(81,58): error C2065: 'Wall': 선언되지 않은 식별자입니다.
D:\problemSolvingSkill\week6_mid\Agame.cpp(82,18): error C2027: 정의되지 않은 형식 'MapCoord'을(를) 사용했습니다.
D:\problemSolvingSkill\week6_mid\Node.cpp(5,7): message : 'MapCoord' 선언을 참조하십시오.
D:\problemSolvingSkill\week6_mid\Agame.cpp(82,49): error C2027: 정의되지 않은 형식 'MapCoord'을(를) 사용했습니다.
D:\problemSolvingSkill\week6_mid\Node.cpp(5,7): message : 'MapCoord' 선언을 참조하십시오.
D:\problemSolvingSkill\week6_mid\Agame.cpp(85,47): error C2027: 정의되지 않은 형식 'MapCoord'을(를) 사용했습니다.
D:\problemSolvingSkill\week6_mid\Node.cpp(5,7): message : 'MapCoord' 선언을 참조하십시오.
D:\problemSolvingSkill\week6_mid\Agame.cpp(85,59): error C2065: 'EMPTY': 선언되지 않은 식별자입니다.
D:\problemSolvingSkill\week6_mid\Agame.cpp(86,19): error C2027: 정의되지 않은 형식 'MapCoord'을(를) 사용했습니다.
D:\problemSolvingSkill\week6_mid\Node.cpp(5,7): message : 'MapCoord' 선언을 참조하십시오.
D:\problemSolvingSkill\week6_mid\Agame.cpp(86,50): error C2027: 정의되지 않은 형식 'MapCoord'을(를) 사용했습니다.
D:\problemSolvingSkill\week6_mid\Node.cpp(5,7): message : 'MapCoord' 선언을 참조하십시오.
D:\problemSolvingSkill\week6_mid\Agame.cpp(90,68): error C2027: 정의되지 않은 형식 'MapCoord'을(를) 사용했습니다.
D:\problemSolvingSkill\week6_mid\Node.cpp(5,7): message : 'MapCoord' 선언을 참조하십시오.
D:\problemSolvingSkill\week6_mid\Agame.cpp(90,80): error C2065: 'Wall': 선언되지 않은 식별자입니다.
D:\problemSolvingSkill\week6_mid\Agame.cpp(91,29): error C2027: 정의되지 않은 형식 'MapCoord'을(를) 사용했습니다.
D:\problemSolvingSkill\week6_mid\Node.cpp(5,7): message : 'MapCoord' 선언을 참조하십시오.
D:\problemSolvingSkill\week6_mid\Agame.cpp(91,71): error C2027: 정의되지 않은 형식 'MapCoord'을(를) 사용했습니다.
D:\problemSolvingSkill\week6_mid\Node.cpp(5,7): message : 'MapCoord' 선언을 참조하십시오.
D:\problemSolvingSkill\week6_mid\Agame.cpp(99,74): error C2027: 정의되지 않은 형식 'MapCoord'을(를) 사용했습니다.
D:\problemSolvingSkill\week6_mid\Node.cpp(5,7): message : 'MapCoord' 선언을 참조하십시오.
D:\problemSolvingSkill\week6_mid\Agame.cpp(99,86): error C2065: 'Wall': 선언되지 않은 식별자입니다.
D:\problemSolvingSkill\week6_mid\Agame.cpp(100,32): error C2027: 정의되지 않은 형식 'MapCoord'을(를) 사용했습니다.
D:\problemSolvingSkill\week6_mid\Node.cpp(5,7): message : 'MapCoord' 선언을 참조하십시오.
D:\problemSolvingSkill\week6_mid\Agame.cpp(100,77): error C2027: 정의되지 않은 형식 'MapCoord'을(를) 사용했습니다.
D:\problemSolvingSkill\week6_mid\Node.cpp(5,7): message : 'MapCoord' 선언을 참조하십시오.
D:\problemSolvingSkill\week6_mid\Agame.cpp(125,27): error C2027: 정의되지 않은 형식 'MapCoord'을(를) 사용했습니다.
D:\problemSolvingSkill\week6_mid\Node.cpp(5,7): message : 'MapCoord' 선언을 참조하십시오.
D:\problemSolvingSkill\week6_mid\Agame.cpp(125,48): error C2027: 정의되지 않은 형식 'MapCoord'을(를) 사용했습니다.
D:\problemSolvingSkill\week6_mid\Node.cpp(5,7): message : 'MapCoord' 선언을 참조하십시오.
D:\problemSolvingSkill\week6_mid\Agame.cpp(125,60): error C2065: 'ENEMY': 선언되지 않은 식별자입니다.
D:\problemSolvingSkill\week6_mid\Agame.cpp(145,30): error C2027: 정의되지 않은 형식 'MapCoord'을(를) 사용했습니다.
D:\problemSolvingSkill\week6_mid\Node.cpp(5,7): message : 'MapCoord' 선언을 참조하십시오.
D:\problemSolvingSkill\week6_mid\Agame.cpp(145,51): error C2027: 정의되지 않은 형식 'MapCoord'을(를) 사용했습니다.
D:\problemSolvingSkill\week6_mid\Node.cpp(5,7): message : 'MapCoord' 선언을 참조하십시오.
D:\problemSolvingSkill\week6_mid\Agame.cpp(145,63): error C2065: 'PLAYER': 선언되지 않은 식별자입니다.
D:\problemSolvingSkill\week6_mid\Agame.cpp(157,30): error C2027: 정의되지 않은 형식 'MapCoord'을(를) 사용했습니다.
D:\problemSolvingSkill\week6_mid\Node.cpp(5,7): message : 'MapCoord' 선언을 참조하십시오.
D:\problemSolvingSkill\week6_mid\Agame.cpp(157,51): error C2027: 정의되지 않은 형식 'MapCoord'을(를) 사용했습니다.
D:\problemSolvingSkill\week6_mid\Node.cpp(5,7): message : 'MapCoord' 선언을 참조하십시오.
D:\problemSolvingSkill\week6_mid\Agame.cpp(157,63): error C2065: 'PLAYER': 선언되지 않은 식별자입니다.
D:\problemSolvingSkill\week6_mid\Agame.cpp(184,30): error C2027: 정의되지 않은 형식 'MapCoord'을(를) 사용했습니다.
D:\problemSolvingSkill\week6_mid\Node.cpp(5,7): message : 'MapCoord' 선언을 참조하십시오.
D:\problemSolvingSkill\week6_mid\Agame.cpp(184,51): error C2027: 정의되지 않은 형식 'MapCoord'을(를) 사용했습니다.
D:\problemSolvingSkill\week6_mid\Node.cpp(5,7): message : 'MapCoord' 선언을 참조하십시오.
D:\problemSolvingSkill\week6_mid\Agame.cpp(184,63): error C2065: 'Wall': 선언되지 않은 식별자입니다.
D:\problemSolvingSkill\week6_mid\Agame.cpp(240,19): error C2027: 정의되지 않은 형식 'MapCoord'을(를) 사용했습니다.
D:\problemSolvingSkill\week6_mid\Node.cpp(5,7): message : 'MapCoord' 선언을 참조하십시오.
D:\problemSolvingSkill\week6_mid\Agame.cpp(240,50): error C2027: 정의되지 않은 형식 'MapCoord'을(를) 사용했습니다.
D:\problemSolvingSkill\week6_mid\Node.cpp(5,7): message : 'MapCoord' 선언을 참조하십시오.
  BFS.cpp
  Node.cpp
  코드를 생성하고 있습니다...
=======
  week6_mid.vcxproj -> D:\problemSolvingSkill\x64\Debug\week6_mid.exe
>>>>>>> 26e6b4c8d04a2c8ba9b410b0402f6a912abe3e55
